This is pdfTeX, Version 3.1415926-2.5-1.40.14 (TeX Live 2013/Debian) (format=pdflatex 2017.8.31)  23 MAY 2018 15:03
entering extended mode
 restricted \write18 enabled.
 %&-line parsing enabled.
**main.tex
(./main.tex
LaTeX2e <2011/06/27>
Babel <3.9h> and hyphenation patterns for 2 languages loaded.
(./ucithesis.cls
Document Class: ucithesis 2012/10/10 UCI Thesis class
(/usr/share/texlive/texmf-dist/tex/latex/base/report.cls
Document Class: report 2007/10/19 v1.4h Standard LaTeX document class
(/usr/share/texlive/texmf-dist/tex/latex/base/fleqn.clo
File: fleqn.clo 1998/08/17 v1.1c Standard LaTeX option (flush left equations)
\mathindent=\dimen102
)
(/usr/share/texlive/texmf-dist/tex/latex/base/size12.clo
File: size12.clo 2007/10/19 v1.4h Standard LaTeX file (size option)
)
\c@part=\count79
\c@chapter=\count80
\c@section=\count81
\c@subsection=\count82
\c@subsubsection=\count83
\c@paragraph=\count84
\c@subparagraph=\count85
\c@figure=\count86
\c@table=\count87
\abovecaptionskip=\skip41
\belowcaptionskip=\skip42
\bibindent=\dimen103
)
(/usr/share/texlive/texmf-dist/tex/latex/geometry/geometry.sty
Package: geometry 2010/09/12 v5.6 Page Geometry

(/usr/share/texlive/texmf-dist/tex/latex/graphics/keyval.sty
Package: keyval 1999/03/16 v1.13 key=value parser (DPC)
\KV@toks@=\toks14
)
(/usr/share/texlive/texmf-dist/tex/generic/oberdiek/ifpdf.sty
Package: ifpdf 2011/01/30 v2.3 Provides the ifpdf switch (HO)
Package ifpdf Info: pdfTeX in PDF mode is detected.
)
(/usr/share/texlive/texmf-dist/tex/generic/oberdiek/ifvtex.sty
Package: ifvtex 2010/03/01 v1.5 Detect VTeX and its facilities (HO)
Package ifvtex Info: VTeX not detected.
)
(/usr/share/texlive/texmf-dist/tex/generic/ifxetex/ifxetex.sty
Package: ifxetex 2010/09/12 v0.6 Provides ifxetex conditional
)
\Gm@cnth=\count88
\Gm@cntv=\count89
\c@Gm@tempcnt=\count90
\Gm@bindingoffset=\dimen104
\Gm@wd@mp=\dimen105
\Gm@odd@mp=\dimen106
\Gm@even@mp=\dimen107
\Gm@layoutwidth=\dimen108
\Gm@layoutheight=\dimen109
\Gm@layouthoffset=\dimen110
\Gm@layoutvoffset=\dimen111
\Gm@dimlist=\toks15
)
(/usr/share/texlive/texmf-dist/tex/latex/setspace/setspace.sty
Package: setspace 2011/12/19 v6.7a set line spacing
))
(/usr/share/texlive/texmf-dist/tex/latex/amsmath/amsmath.sty
Package: amsmath 2013/01/14 v2.14 AMS math features
\@mathmargin=\skip43

For additional information on amsmath, use the `?' option.
(/usr/share/texlive/texmf-dist/tex/latex/amsmath/amstext.sty
Package: amstext 2000/06/29 v2.01

(/usr/share/texlive/texmf-dist/tex/latex/amsmath/amsgen.sty
File: amsgen.sty 1999/11/30 v2.0
\@emptytoks=\toks16
\ex@=\dimen112
))
(/usr/share/texlive/texmf-dist/tex/latex/amsmath/amsbsy.sty
Package: amsbsy 1999/11/29 v1.2d
\pmbraise@=\dimen113
)
(/usr/share/texlive/texmf-dist/tex/latex/amsmath/amsopn.sty
Package: amsopn 1999/12/14 v2.01 operator names
)
\inf@bad=\count91
LaTeX Info: Redefining \frac on input line 210.
\uproot@=\count92
\leftroot@=\count93
LaTeX Info: Redefining \overline on input line 306.
\classnum@=\count94
\DOTSCASE@=\count95
LaTeX Info: Redefining \ldots on input line 378.
LaTeX Info: Redefining \dots on input line 381.
LaTeX Info: Redefining \cdots on input line 466.
\Mathstrutbox@=\box26
\strutbox@=\box27
\big@size=\dimen114
LaTeX Font Info:    Redeclaring font encoding OML on input line 566.
LaTeX Font Info:    Redeclaring font encoding OMS on input line 567.
\macc@depth=\count96
\c@MaxMatrixCols=\count97
\dotsspace@=\muskip10
\c@parentequation=\count98
\dspbrk@lvl=\count99
\tag@help=\toks17
\row@=\count100
\column@=\count101
\maxfields@=\count102
\andhelp@=\toks18
\eqnshift@=\dimen115
\alignsep@=\dimen116
\tagshift@=\dimen117
\tagwidth@=\dimen118
\totwidth@=\dimen119
\lineht@=\dimen120
\@envbody=\toks19
\multlinegap=\skip44
\multlinetaggap=\skip45
\mathdisplay@stack=\toks20
LaTeX Info: Redefining \[ on input line 2665.
LaTeX Info: Redefining \] on input line 2666.
)
(/usr/share/texlive/texmf-dist/tex/latex/amscls/amsthm.sty
Package: amsthm 2004/08/06 v2.20
\thm@style=\toks21
\thm@bodyfont=\toks22
\thm@headfont=\toks23
\thm@notefont=\toks24
\thm@headpunct=\toks25
\thm@preskip=\skip46
\thm@postskip=\skip47
\thm@headsep=\skip48
\dth@everypar=\toks26
)
(/usr/share/texlive/texmf-dist/tex/latex/tools/array.sty
Package: array 2008/09/09 v2.4c Tabular extension package (FMi)
\col@sep=\dimen121
\extrarowheight=\dimen122
\NC@list=\toks27
\extratabsurround=\skip49
\backup@length=\skip50
)
(/usr/share/texlive/texmf-dist/tex/latex/graphics/graphicx.sty
Package: graphicx 1999/02/16 v1.0f Enhanced LaTeX Graphics (DPC,SPQR)

(/usr/share/texlive/texmf-dist/tex/latex/graphics/graphics.sty
Package: graphics 2009/02/05 v1.0o Standard LaTeX Graphics (DPC,SPQR)

(/usr/share/texlive/texmf-dist/tex/latex/graphics/trig.sty
Package: trig 1999/03/16 v1.09 sin cos tan (DPC)
)
(/usr/share/texlive/texmf-dist/tex/latex/latexconfig/graphics.cfg
File: graphics.cfg 2010/04/23 v1.9 graphics configuration of TeX Live
)
Package graphics Info: Driver file: pdftex.def on input line 91.

(/usr/share/texlive/texmf-dist/tex/latex/pdftex-def/pdftex.def
File: pdftex.def 2011/05/27 v0.06d Graphics/color for pdfTeX

(/usr/share/texlive/texmf-dist/tex/generic/oberdiek/infwarerr.sty
Package: infwarerr 2010/04/08 v1.3 Providing info/warning/error messages (HO)
)
(/usr/share/texlive/texmf-dist/tex/generic/oberdiek/ltxcmds.sty
Package: ltxcmds 2011/11/09 v1.22 LaTeX kernel commands for general use (HO)
)
\Gread@gobject=\count103
))
\Gin@req@height=\dimen123
\Gin@req@width=\dimen124
)
(/usr/share/texlive/texmf-dist/tex/latex/natbib/natbib.sty
Package: natbib 2010/09/13 8.31b (PWD, AO)
\bibhang=\skip51
\bibsep=\skip52
LaTeX Info: Redefining \cite on input line 694.
\c@NAT@ctr=\count104
) (./relsize.sty
Package: relsize 2013/03/29 ver 4.1
)
(./subfigure.sty
Package: subfigure 1995/03/06 v2.0 subfigure package

Package: subfigure 1995/03/06 v2.0
\c@subfigure=\count105
\c@lofdepth=\count106
\c@subtable=\count107
\c@lotdepth=\count108
) (./caption.sty
Package: caption 2016/03/13 v3.4-151 Customizing captions (AR)
 (/usr/share/texlive/texmf-dist/tex/latex/caption/caption3.sty
Package: caption3 2013/05/02 v1.6-88 caption3 kernel (AR)
Package caption3 Info: TeX engine: e-TeX on input line 57.
\captionmargin=\dimen125
\captionmargin@=\dimen126
\captionwidth=\dimen127
\caption@tempdima=\dimen128
\caption@indent=\dimen129
\caption@parindent=\dimen130
\caption@hangindent=\dimen131
)

LaTeX Warning: You have requested, on input line 41, version
               `2016/02/01' of package caption3,
               but only version
               `2013/05/02 v1.6-88 caption3 kernel (AR)'
               is available.

\c@continuedfloat=\count109
Package caption Info: subfigure package is loaded.

! Package caption Error: For a successful cooperation we need at least version
(caption)                `2002/01/23 v2.1' of package subfigure,
(caption)                but only version
(caption)                `1995/03/06 v2.0 subfigure package'
(caption)                is available.

See the caption package documentation for explanation.
Type  H <return>  for immediate help.
 ...                                              
                                                  
l.1696 }{}
          
If you do not understand this error, please take a closer look
at the documentation of the `caption' package, especially the
section about errors.
Try typing  <return>  to proceed.
If that doesn't work, type  X <return>  to quit.

) (./multirow.sty
\bigstrutjot=\dimen132
) (/usr/share/texlive/texmf-dist/tex/latex/tools/tabularx.sty
Package: tabularx 1999/01/07 v2.07 `tabularx' package (DPC)
\TX@col@width=\dimen133
\TX@old@table=\dimen134
\TX@old@col=\dimen135
\TX@target=\dimen136
\TX@delta=\dimen137
\TX@cols=\count110
\TX@ftn=\toks28
) (/usr/share/texlive/texmf-dist/tex/latex/booktabs/booktabs.sty
Package: booktabs 2005/04/14 v1.61803 publication quality tables
\heavyrulewidth=\dimen138
\lightrulewidth=\dimen139
\cmidrulewidth=\dimen140
\belowrulesep=\dimen141
\belowbottomsep=\dimen142
\aboverulesep=\dimen143
\abovetopsep=\dimen144
\cmidrulesep=\dimen145
\cmidrulekern=\dimen146
\defaultaddspace=\dimen147
\@cmidla=\count111
\@cmidlb=\count112
\@aboverulesep=\dimen148
\@belowrulesep=\dimen149
\@thisruleclass=\count113
\@lastruleclass=\count114
\@thisrulewidth=\dimen150
)
(/usr/share/texlive/texmf-dist/tex/latex/varwidth/varwidth.sty
Package: varwidth 2009/03/30 ver 0.92;  Variable-width minipages
\@vwid@box=\box28
\sift@deathcycles=\count115
\@vwid@loff=\dimen151
\@vwid@roff=\dimen152
)
(/usr/share/texlive/texmf-dist/tex/latex/hyperref/hyperref.sty
Package: hyperref 2012/11/06 v6.83m Hypertext links for LaTeX

(/usr/share/texlive/texmf-dist/tex/generic/oberdiek/hobsub-hyperref.sty
Package: hobsub-hyperref 2012/05/28 v1.13 Bundle oberdiek, subset hyperref (HO)


(/usr/share/texlive/texmf-dist/tex/generic/oberdiek/hobsub-generic.sty
Package: hobsub-generic 2012/05/28 v1.13 Bundle oberdiek, subset generic (HO)
Package: hobsub 2012/05/28 v1.13 Construct package bundles (HO)
Package hobsub Info: Skipping package `infwarerr' (already loaded).
Package hobsub Info: Skipping package `ltxcmds' (already loaded).
Package: ifluatex 2010/03/01 v1.3 Provides the ifluatex switch (HO)
Package ifluatex Info: LuaTeX not detected.
Package hobsub Info: Skipping package `ifvtex' (already loaded).
Package: intcalc 2007/09/27 v1.1 Expandable calculations with integers (HO)
Package hobsub Info: Skipping package `ifpdf' (already loaded).
Package: etexcmds 2011/02/16 v1.5 Avoid name clashes with e-TeX commands (HO)
Package etexcmds Info: Could not find \expanded.
(etexcmds)             That can mean that you are not using pdfTeX 1.50 or
(etexcmds)             that some package has redefined \expanded.
(etexcmds)             In the latter case, load this package earlier.
Package: kvsetkeys 2012/04/25 v1.16 Key value parser (HO)
Package: kvdefinekeys 2011/04/07 v1.3 Define keys (HO)
Package: pdftexcmds 2011/11/29 v0.20 Utility functions of pdfTeX for LuaTeX (HO
)
Package pdftexcmds Info: LuaTeX not detected.
Package pdftexcmds Info: \pdf@primitive is available.
Package pdftexcmds Info: \pdf@ifprimitive is available.
Package pdftexcmds Info: \pdfdraftmode found.
Package: pdfescape 2011/11/25 v1.13 Implements pdfTeX's escape features (HO)
Package: bigintcalc 2012/04/08 v1.3 Expandable calculations on big integers (HO
)
Package: bitset 2011/01/30 v1.1 Handle bit-vector datatype (HO)
Package: uniquecounter 2011/01/30 v1.2 Provide unlimited unique counter (HO)
)
Package hobsub Info: Skipping package `hobsub' (already loaded).
Package: letltxmacro 2010/09/02 v1.4 Let assignment for LaTeX macros (HO)
Package: hopatch 2012/05/28 v1.2 Wrapper for package hooks (HO)
Package: xcolor-patch 2011/01/30 xcolor patch
Package: atveryend 2011/06/30 v1.8 Hooks at the very end of document (HO)
Package atveryend Info: \enddocument detected (standard20110627).
Package: atbegshi 2011/10/05 v1.16 At begin shipout hook (HO)
Package: refcount 2011/10/16 v3.4 Data extraction from label references (HO)
Package: hycolor 2011/01/30 v1.7 Color options for hyperref/bookmark (HO)
)
(/usr/share/texlive/texmf-dist/tex/latex/oberdiek/auxhook.sty
Package: auxhook 2011/03/04 v1.3 Hooks for auxiliary files (HO)
)
(/usr/share/texlive/texmf-dist/tex/latex/oberdiek/kvoptions.sty
Package: kvoptions 2011/06/30 v3.11 Key value format for package options (HO)
)
\@linkdim=\dimen153
\Hy@linkcounter=\count116
\Hy@pagecounter=\count117

(/usr/share/texlive/texmf-dist/tex/latex/hyperref/pd1enc.def
File: pd1enc.def 2012/11/06 v6.83m Hyperref: PDFDocEncoding definition (HO)
)
\Hy@SavedSpaceFactor=\count118

(/usr/share/texlive/texmf-dist/tex/latex/latexconfig/hyperref.cfg
File: hyperref.cfg 2002/06/06 v1.2 hyperref configuration of TeXLive
)
Package hyperref Info: Option `plainpages' set `false' on input line 4319.
Package hyperref Info: Hyper figures OFF on input line 4443.
Package hyperref Info: Link nesting OFF on input line 4448.
Package hyperref Info: Hyper index ON on input line 4451.
Package hyperref Info: Plain pages OFF on input line 4458.
Package hyperref Info: Backreferencing OFF on input line 4463.
Package hyperref Info: Implicit mode ON; LaTeX internals redefined.
Package hyperref Info: Bookmarks ON on input line 4688.
\c@Hy@tempcnt=\count119

(/usr/share/texlive/texmf-dist/tex/latex/url/url.sty
\Urlmuskip=\muskip11
Package: url 2013/09/16  ver 3.4  Verb mode for urls, etc.
)
LaTeX Info: Redefining \url on input line 5041.
\XeTeXLinkMargin=\dimen154
\Fld@menulength=\count120
\Field@Width=\dimen155
\Fld@charsize=\dimen156
Package hyperref Info: Hyper figures OFF on input line 6295.
Package hyperref Info: Link nesting OFF on input line 6300.
Package hyperref Info: Hyper index ON on input line 6303.
Package hyperref Info: backreferencing OFF on input line 6310.
Package hyperref Info: Link coloring OFF on input line 6315.
Package hyperref Info: Link coloring with OCG OFF on input line 6320.
Package hyperref Info: PDF/A mode OFF on input line 6325.
LaTeX Info: Redefining \ref on input line 6365.
LaTeX Info: Redefining \pageref on input line 6369.
\Hy@abspage=\count121
\c@Item=\count122
\c@Hfootnote=\count123
)

Package hyperref Message: Driver (autodetected): hpdftex.

(/usr/share/texlive/texmf-dist/tex/latex/hyperref/hpdftex.def
File: hpdftex.def 2012/11/06 v6.83m Hyperref driver for pdfTeX
\Fld@listcount=\count124
\c@bookmark@seq@number=\count125

(/usr/share/texlive/texmf-dist/tex/latex/oberdiek/rerunfilecheck.sty
Package: rerunfilecheck 2011/04/15 v1.7 Rerun checks for auxiliary files (HO)
Package uniquecounter Info: New unique counter `rerunfilecheck' on input line 2
82.
)
\Hy@SectionHShift=\skip53
)
\c@theorem=\count126
\c@definition=\count127
\c@example=\count128

(./preliminaries.tex)
No file main.aux.
\openout1 = `main.aux'.

LaTeX Font Info:    Checking defaults for OML/cmm/m/it on input line 89.
LaTeX Font Info:    ... okay on input line 89.
LaTeX Font Info:    Checking defaults for T1/cmr/m/n on input line 89.
LaTeX Font Info:    ... okay on input line 89.
LaTeX Font Info:    Checking defaults for OT1/cmr/m/n on input line 89.
LaTeX Font Info:    ... okay on input line 89.
LaTeX Font Info:    Checking defaults for OMS/cmsy/m/n on input line 89.
LaTeX Font Info:    ... okay on input line 89.
LaTeX Font Info:    Checking defaults for OMX/cmex/m/n on input line 89.
LaTeX Font Info:    ... okay on input line 89.
LaTeX Font Info:    Checking defaults for U/cmr/m/n on input line 89.
LaTeX Font Info:    ... okay on input line 89.
LaTeX Font Info:    Checking defaults for PD1/pdf/m/n on input line 89.
LaTeX Font Info:    ... okay on input line 89.
*geometry* driver: auto-detecting
*geometry* detected driver: pdftex
*geometry* verbose mode - [ preamble ] result:
* driver: pdftex
* paper: <default>
* layout: <same size as paper>
* layoutoffset:(h,v)=(0.0pt,0.0pt)
* modes: 
* h-part:(L,W,R)=(72.26999pt, 469.75502pt, 72.26999pt)
* v-part:(T,H,B)=(72.26999pt, 650.43001pt, 72.26999pt)
* \paperwidth=614.295pt
* \paperheight=794.96999pt
* \textwidth=469.75502pt
* \textheight=650.43001pt
* \oddsidemargin=0.0pt
* \evensidemargin=0.0pt
* \topmargin=-37.0pt
* \headheight=12.0pt
* \headsep=25.0pt
* \topskip=12.0pt
* \footskip=30.0pt
* \marginparwidth=44.0pt
* \marginparsep=10.0pt
* \columnsep=10.0pt
* \skip\footins=10.8pt plus 4.0pt minus 2.0pt
* \hoffset=0.0pt
* \voffset=0.0pt
* \mag=1000
* \@twocolumnfalse
* \@twosidefalse
* \@mparswitchfalse
* \@reversemarginfalse
* (1in=72.27pt=25.4mm, 1cm=28.453pt)

(/usr/share/texlive/texmf-dist/tex/context/base/supp-pdf.mkii
[Loading MPS to PDF converter (version 2006.09.02).]
\scratchcounter=\count129
\scratchdimen=\dimen157
\scratchbox=\box29
\nofMPsegments=\count130
\nofMParguments=\count131
\everyMPshowfont=\toks29
\MPscratchCnt=\count132
\MPscratchDim=\dimen158
\MPnumerator=\count133
\makeMPintoPDFobject=\count134
\everyMPtoPDFconversion=\toks30
) (/usr/share/texlive/texmf-dist/tex/latex/oberdiek/epstopdf-base.sty
Package: epstopdf-base 2010/02/09 v2.5 Base part for package epstopdf

(/usr/share/texlive/texmf-dist/tex/latex/oberdiek/grfext.sty
Package: grfext 2010/08/19 v1.1 Manage graphics extensions (HO)
)
Package grfext Info: Graphics extension search list:
(grfext)             [.png,.pdf,.jpg,.mps,.jpeg,.jbig2,.jb2,.PNG,.PDF,.JPG,.JPE
G,.JBIG2,.JB2,.eps]
(grfext)             \AppendGraphicsExtensions on input line 452.

(/usr/share/texlive/texmf-dist/tex/latex/latexconfig/epstopdf-sys.cfg
File: epstopdf-sys.cfg 2010/07/13 v1.3 Configuration of (r)epstopdf for TeX Liv
e
))
Package caption Info: Begin \AtBeginDocument code.
Package caption Info: hyperref package is loaded.
Package caption Info: End \AtBeginDocument code.
\AtBeginShipoutBox=\box30
Package hyperref Info: Link coloring OFF on input line 89.

(/usr/share/texlive/texmf-dist/tex/latex/hyperref/nameref.sty
Package: nameref 2012/10/27 v2.43 Cross-referencing by name of section

(/usr/share/texlive/texmf-dist/tex/generic/oberdiek/gettitlestring.sty
Package: gettitlestring 2010/12/03 v1.4 Cleanup title references (HO)
)
\c@section@level=\count135
)
LaTeX Info: Redefining \ref on input line 89.
LaTeX Info: Redefining \pageref on input line 89.
LaTeX Info: Redefining \nameref on input line 89.
\@outlinefile=\write3
\openout3 = `main.out'.


[1


{/var/lib/texmf/fonts/map/pdftex/updmap/pdftex.map}]
LaTeX Font Info:    Try loading font information for OMS+cmr on input line 97.

(/usr/share/texlive/texmf-dist/tex/latex/base/omscmr.fd
File: omscmr.fd 1999/05/25 v2.5h Standard LaTeX font definitions
)
LaTeX Font Info:    Font shape `OMS/cmr/m/n' in size <12> not available
(Font)              Font shape `OMS/cmsy/m/n' tried instead on input line 97.
 [1


] [2

]
\tf@toc=\write4
\openout4 = `main.toc'.

 [3


]
\tf@lof=\write5
\openout5 = `main.lof'.

 [4


]
\tf@lot=\write6
\openout6 = `main.lot'.


[5


] [6

]

Package hyperref Warning: Token not allowed in a PDF string (PDFDocEncoding):
(hyperref)                removing `\uppercase' on input line 97.

[7


]
\openout2 = `chapter1.aux'.

 (./chapter1.tex
Chapter 1.
[1




]) [2]
\openout2 = `chapter2.aux'.

 (./chapter2.tex
Chapter 2.

Package natbib Warning: Citation `wiki:Ferromagnetism' on page 3 undefined on i
nput line 5.

<fig/Magnet.jpg, id=57, 471.7625pt x 481.8pt>
File: fig/Magnet.jpg Graphic file (type jpg)
 <use fig/Magnet.jpg>
Package pdftex.def Info: fig/Magnet.jpg used on input line 9.
(pdftex.def)             Requested size: 140.92793pt x 143.92357pt.


Package natbib Warning: Citation `JohnsonandSilsbee' on page 3 undefined on inp
ut line 14.


Package natbib Warning: Citation `Fert' on page 3 undefined on input line 14.


Package natbib Warning: Citation `Grunberg' on page 3 undefined on input line 1
4.

[3



 <./fig/Magnet.jpg>]

Package natbib Warning: Citation `TMR' on page 4 undefined on input line 18.


Overfull \hbox (10.41876pt too wide) in paragraph at lines 18--19
\OT1/cmr/m/n/12 The Tun-nel Mag-ne-tore-sis-tance ef-fect\OT1/cmr/bx/n/12 ? \OT
1/cmr/m/n/12 refers to the change of re-sis-tance of a ferromagnetic/non-
 []

[4] <fig/Fermi.PNG, id=70, 275.52937pt x 269.50688pt>
File: fig/Fermi.PNG Graphic file (type png)
 <use fig/Fermi.PNG>
Package pdftex.def Info: fig/Fermi.PNG used on input line 24.
(pdftex.def)             Requested size: 275.52869pt x 269.50621pt.

<fig/TMR.PNG, id=72, 660.21657pt x 268.75406pt>
File: fig/TMR.PNG Graphic file (type png)
 <use fig/TMR.PNG>
Package pdftex.def Info: fig/TMR.PNG used on input line 40.
(pdftex.def)             Requested size: 469.75502pt x 191.2309pt.
 [5] [6 <./fig/Fermi.PNG> <./fig/TMR.PNG>]

Package natbib Warning: Citation `Mg0' on page 7 undefined on input line 67.


LaTeX Warning: Reference `fig:electron' on page 7 undefined on input line 72.


Package natbib Warning: Citation `STT' on page 7 undefined on input line 72.


Package natbib Warning: Citation `Currenttorque' on page 7 undefined on input l
ine 72.

<fig/electron.png, id=91, 481.8pt x 566.115pt>
File: fig/electron.png Graphic file (type png)
 <use fig/electron.png>
Package pdftex.def Info: fig/electron.png used on input line 76.
(pdftex.def)             Requested size: 170.71652pt x 200.58783pt.
 [7]
[8 <./fig/electron.png>]

Package natbib Warning: Citation `Bias' on page 9 undefined on input line 92.

<fig/dampingtorque.PNG, id=104, 401.24907pt x 316.18124pt>
File: fig/dampingtorque.PNG Graphic file (type png)

<use fig/dampingtorque.PNG>
Package pdftex.def Info: fig/dampingtorque.PNG used on input line 96.
(pdftex.def)             Requested size: 234.8775pt x 185.08348pt.

Overfull \hbox (15.88272pt too wide) in paragraph at lines 102--102
[]\OT1/cmr/bx/n/17.28 Magnetic Tun-nel Junc-tions with Per-pen-dic-u-lar Mag-
 []

[9 <./fig/dampingtorque.PNG>]

Package natbib Warning: Citation `SlonSwitching' on page 10 undefined on input 
line 108.


Package natbib Warning: Citation `MTJConductance' on page 10 undefined on input
 line 125.

[10]

LaTeX Warning: Reference `eq:criticalV' on page 11 undefined on input line 140.


[11] <fig/DC.PNG, id=133, 378.66469pt x 325.96782pt>
File: fig/DC.PNG Graphic file (type png)
 <use fig/DC.PNG>
Package pdftex.def Info: fig/DC.PNG used on input line 151.
(pdftex.def)             Requested size: 234.8775pt x 202.19244pt.


Package natbib Warning: Citation `subswitch' on page 12 undefined on input line
 157.

<fig/switching.PNG, id=134, 636.87938pt x 288.3272pt>
File: fig/switching.PNG Graphic file (type png)
 <use fig/switching.PNG>
Package pdftex.def Info: fig/switching.PNG used on input line 162.
(pdftex.def)             Requested size: 469.75502pt x 212.66365pt.

[12 <./fig/DC.PNG>] [13 <./fig/switching.PNG>]

Package natbib Warning: Citation `Kittel1947' on page 14 undefined on input lin
e 187.


Package natbib Warning: Citation `Kittel' on page 14 undefined on input line 18
7.


LaTeX Warning: Reference `eq:Mmotion' on page 14 undefined on input line 202.


LaTeX Warning: Reference `eq:Mmotion' on page 14 undefined on input line 202.

[14]

LaTeX Warning: Reference `eq:resonance' on page 15 undefined on input line 231.


[15]

LaTeX Warning: Reference `eq:resonance' on page 16 undefined on input line 261.


[16]

Package natbib Warning: Citation `Sankey2006' on page 17 undefined on input lin
e 269.


Package natbib Warning: Citation `Tulapurkar2005' on page 17 undefined on input
 line 269.


Package natbib Warning: Citation `VCMA1' on page 17 undefined on input line 269
.


Package natbib Warning: Citation `Jian' on page 17 undefined on input line 269.



Package natbib Warning: Citation `Wang2012' on page 17 undefined on input line 
269.


Package natbib Warning: Citation `PRLdamping' on page 17 undefined on input lin
e 269.


Package natbib Warning: Citation `Sankey2008' on page 17 undefined on input lin
e 269.


Package natbib Warning: Citation `excitation1' on page 17 undefined on input li
ne 269.


Package natbib Warning: Citation `excitation2' on page 17 undefined on input li
ne 269.

) [17]
\openout2 = `chapter3.aux'.

 (./chapter3.tex
Chapter 3.
Missing character: There is no ‚ in font cmr12!
Missing character: There is no Ä in font cmr12!
Missing character: There is no ú in font cmr12!
Missing character: There is no ‚ in font cmr12!
Missing character: There is no Ä in font cmr12!
Missing character: There is no ù in font cmr12!

Package natbib Warning: Citation `Sankey2006' on page 18 undefined on input lin
e 8.


Package natbib Warning: Citation `Sankey2006' on page 18 undefined on input lin
e 13.


Package natbib Warning: Citation `Tulapurkar2005' on page 18 undefined on input
 line 13.


Package natbib Warning: Citation `Sankey2006' on page 18 undefined on input lin
e 17.


Package natbib Warning: Citation `FMR_damping' on page 18 undefined on input li
ne 20.


Package natbib Warning: Citation `FMR_damping2' on page 18 undefined on input l
ine 20.


Package natbib Warning: Citation `Sankey2006' on page 18 undefined on input lin
e 21.

[18



]
Missing character: There is no ‚ in font cmr12!
Missing character: There is no Ä in font cmr12!
Missing character: There is no ô in font cmr12!


Package natbib Warning: Citation `Sankey2006' on page 19 undefined on input lin
e 27.


Package natbib Warning: Citation `Kittel' on page 19 undefined on input line 36
.

[19]

LaTeX Warning: Reference `eq:damping' on page 20 undefined on input line 44.


Package natbib Warning: Citation `chris' on page 20 undefined on input line 49.



Package natbib Warning: Citation `dragging' on page 20 undefined on input line 
49.


LaTeX Warning: Reference `fig:Amp' on page 20 undefined on input line 49.

[20] <fig/FieldMod/set_up.png, id=208, 622.4856pt x 348.3414pt>
File: fig/FieldMod/set_up.png Graphic file (type png)

<use fig/FieldMod/set_up.png>
Package pdftex.def Info: fig/FieldMod/set_up.png used on input line 55.
(pdftex.def)             Requested size: 375.80544pt x 210.30338pt.

<fig/FieldMod/AmpMod.png, id=209, 1363.0925pt x 1422.31375pt>
File: fig/FieldMod/AmpMod.png Graphic file (type png)

<use fig/FieldMod/AmpMod.png>
Package pdftex.def Info: fig/FieldMod/AmpMod.png used on input line 66.
(pdftex.def)             Requested size: 199.16928pt x 207.80367pt.

<fig/FieldMod/FieldMod.png, id=210, 1363.0925pt x 1422.31375pt>
File: fig/FieldMod/FieldMod.png Graphic file (type png)

<use fig/FieldMod/FieldMod.png>
Package pdftex.def Info: fig/FieldMod/FieldMod.png used on input line 67.
(pdftex.def)             Requested size: 199.16928pt x 207.80367pt.


Package natbib Warning: Citation `FieldMod' on page 21 undefined on input line 
75.


LaTeX Warning: Reference `fig:FMR_set_up' on page 21 undefined on input line 75
.


LaTeX Warning: Reference `fig:Field' on page 21 undefined on input line 75.


LaTeX Warning: Reference `fig:Amp' on page 21 undefined on input line 75.

[21 <./fig/FieldMod/set_up.png>]
<fig/FieldMod/MR.png, id=217, 1363.0925pt x 1422.31375pt>
File: fig/FieldMod/MR.png Graphic file (type png)

<use fig/FieldMod/MR.png>
Package pdftex.def Info: fig/FieldMod/MR.png used on input line 80.
(pdftex.def)             Requested size: 199.16928pt x 207.80367pt.

<fig/FieldMod/Spectrum.png, id=218, 1363.0925pt x 1422.31375pt>
File: fig/FieldMod/Spectrum.png Graphic file (type png)

<use fig/FieldMod/Spectrum.png>
Package pdftex.def Info: fig/FieldMod/Spectrum.png used on input line 81.
(pdftex.def)             Requested size: 199.16928pt x 207.80367pt.


LaTeX Warning: Reference `fig:MR' on page 22 undefined on input line 86.


Package natbib Warning: Citation `Spinflop' on page 22 undefined on input line 
86.


LaTeX Warning: Reference `fig:Spectrum' on page 22 undefined on input line 86.


Overfull \hbox (24.49277pt too wide) in paragraph at lines 86--87
\OT1/cmr/m/n/12 ture of our sam-ple are SAF-Bot-tom(1.67)/SAF spacer(0.41)/SAFT
op(1.1)MgO(0.8)FreeLayer(2.4)
 []

[22 <./fig/FieldMod/AmpMod.png> <./fig/FieldMod/FieldMod.png>] [23 <./fig/Field
Mod/MR.png> <./fig/FieldMod/Spectrum.png>]
<fig/FieldMod/Res_Field.png, id=240, 1363.0925pt x 1422.31375pt>
File: fig/FieldMod/Res_Field.png Graphic file (type png)

<use fig/FieldMod/Res_Field.png>
Package pdftex.def Info: fig/FieldMod/Res_Field.png used on input line 109.
(pdftex.def)             Requested size: 213.39566pt x 222.64833pt.

<fig/FieldMod/Original_LW.png, id=241, 1363.0925pt x 1422.31375pt>
File: fig/FieldMod/Original_LW.png Graphic file (type png)

<use fig/FieldMod/Original_LW.png>
Package pdftex.def Info: fig/FieldMod/Original_LW.png used on input line 110.
(pdftex.def)             Requested size: 213.39566pt x 222.64833pt.


LaTeX Warning: Reference `fig:Free' on page 24 undefined on input line 114.

Missing character: There is no ‚ in font cmr12!
Missing character: There is no Ä in font cmr12!
Missing character: There is no ì in font cmr12!

LaTeX Warning: Reference `fig:cable' on page 24 undefined on input line 120.

Missing character: There is no ‚ in font cmr12!
Missing character: There is no Ä in font cmr12!
Missing character: There is no ì in font cmr12!
[24 <./fig/FieldMod/Res_Field.png> <./fig/FieldMod/Original_LW.png>]
<fig/FieldMod/Improve-measure.png, id=252, 283.7802pt x 146.4672pt>
File: fig/FieldMod/Improve-measure.png Graphic file (type png)

<use fig/FieldMod/Improve-measure.png>
Package pdftex.def Info: fig/FieldMod/Improve-measure.png used on input line 12
3.
(pdftex.def)             Requested size: 375.80544pt x 193.98317pt.


Package natbib Warning: Citation `Bias' on page 25 undefined on input line 134.



LaTeX Warning: Reference `fig:LW' on page 25 undefined on input line 134.


Package natbib Warning: Citation `3-Magon' on page 25 undefined on input line 1
34.

[25 <./fig/FieldMod/Improve-measure.png>]

LaTeX Warning: Reference `fig:2D' on page 26 undefined on input line 136.

<fig/FieldMod/contour.png, id=259, 1363.0925pt x 1422.31375pt>
File: fig/FieldMod/contour.png Graphic file (type png)

<use fig/FieldMod/contour.png>
Package pdftex.def Info: fig/FieldMod/contour.png used on input line 140.
(pdftex.def)             Requested size: 375.80544pt x 392.12497pt.


LaTeX Warning: Reference `fig:2D' on page 26 undefined on input line 147.


LaTeX Warning: Reference `fig:d' on page 26 undefined on input line 149.


LaTeX Warning: Reference `fig:LW' on page 26 undefined on input line 149.


LaTeX Warning: Reference `fig:LW_FIT' on page 26 undefined on input line 151.

[26] <fig/FieldMod/LW_PLOT.png, id=264, 1363.0925pt x 1422.31375pt>
File: fig/FieldMod/LW_PLOT.png Graphic file (type png)

<use fig/FieldMod/LW_PLOT.png>
Package pdftex.def Info: fig/FieldMod/LW_PLOT.png used on input line 155.
(pdftex.def)             Requested size: 375.80544pt x 392.12497pt.


LaTeX Warning: `h' float specifier changed to `ht'.


Package natbib Warning: Citation `inhom' on page 27 undefined on input line 160
.


Package natbib Warning: Citation `STFMR_1' on page 27 undefined on input line 1
60.


LaTeX Warning: Reference `eq:criticalV' on page 27 undefined on input line 160.


[27 <./fig/FieldMod/contour.png>] [28 <./fig/FieldMod/LW_PLOT.png>]

Package natbib Warning: Citation `OOMMF' on page 29 undefined on input line 171
.


Package natbib Warning: Citation `grain' on page 29 undefined on input line 171
.

<fig/Time_oscillation.png, id=277, 1896.08376pt x 1422.31375pt>
File: fig/Time_oscillation.png Graphic file (type png)

<use fig/Time_oscillation.png>
Package pdftex.def Info: fig/Time_oscillation.png used on input line 175.
(pdftex.def)             Requested size: 281.85587pt x 211.42801pt.


LaTeX Warning: Reference `fig:timeOscilation' on page 29 undefined on input lin
e 180.


LaTeX Warning: Reference `fig:Sim_spectrum' on page 29 undefined on input line 
180.


Package natbib Warning: Citation `Tulapurkar2005' on page 29 undefined on input
 line 180.


Package natbib Warning: Citation `Ohno2010' on page 29 undefined on input line 
180.

[29 <./fig/Time_oscillation.png>]
<fig/CW_sim/uniform_spectrum.png, id=286, 483.7272pt x 362.3136pt>
File: fig/CW_sim/uniform_spectrum.png Graphic file (type png)

<use fig/CW_sim/uniform_spectrum.png>
Package pdftex.def Info: fig/CW_sim/uniform_spectrum.png used on input line 192
.
(pdftex.def)             Requested size: 199.16928pt x 149.17978pt.

<fig/CW_sim/mode_profile_1.png, id=287, 446.6286pt x 397.485pt>
File: fig/CW_sim/mode_profile_1.png Graphic file (type png)

<use fig/CW_sim/mode_profile_1.png>
Package pdftex.def Info: fig/CW_sim/mode_profile_1.png used on input line 193.
(pdftex.def)             Requested size: 199.16928pt x 177.25327pt.


LaTeX Warning: Reference `fig:LW' on page 30 undefined on input line 198.


LaTeX Warning: Reference `fig:uniform_lw' on page 30 undefined on input line 19
8.

[30] <fig/CW_sim/uniform_LW.png, id=293, 451.9284pt x 358.941pt>
File: fig/CW_sim/uniform_LW.png Graphic file (type png)

<use fig/CW_sim/uniform_LW.png>
Package pdftex.def Info: fig/CW_sim/uniform_LW.png used on input line 201.
(pdftex.def)             Requested size: 281.85587pt x 223.87201pt.


LaTeX Warning: `h' float specifier changed to `ht'.


LaTeX Warning: Reference `fig:random_spectrum' on page 31 undefined on input li
ne 207.


LaTeX Warning: Reference `fig:random_mode_profile' on page 31 undefined on inpu
t line 207.


LaTeX Warning: Reference `fig:uniform_mode_profile' on page 31 undefined on inp
ut line 207.


LaTeX Warning: Reference `fig:Hk_dist' on page 31 undefined on input line 207.


LaTeX Warning: Reference `fig:CW_lw_summary' on page 31 undefined on input line
 207.

[31 <./fig/CW_sim/uniform_spectrum.png> <./fig/CW_sim/mode_profile_1.png>]

LaTeX Warning: Reference `fig:CW_lw_summary' on page 32 undefined on input line
 212.

<fig/CW_sim/random_spectrum.png, id=304, 478.9092pt x 359.4228pt>
File: fig/CW_sim/random_spectrum.png Graphic file (type png)

<use fig/CW_sim/random_spectrum.png>
Package pdftex.def Info: fig/CW_sim/random_spectrum.png used on input line 216.

(pdftex.def)             Requested size: 142.26378pt x 106.76918pt.

<fig/CW_sim/mode_profile_2.png, id=305, 446.6286pt x 397.9668pt>
File: fig/CW_sim/mode_profile_2.png Graphic file (type png)

<use fig/CW_sim/mode_profile_2.png>
Package pdftex.def Info: fig/CW_sim/mode_profile_2.png used on input line 217.
(pdftex.def)             Requested size: 142.26378pt x 126.76294pt.

<fig/CW_sim/Kudist.png, id=306, 405.6756pt x 179.2296pt>
File: fig/CW_sim/Kudist.png Graphic file (type png)

<use fig/CW_sim/Kudist.png>
Package pdftex.def Info: fig/CW_sim/Kudist.png used on input line 218.
(pdftex.def)             Requested size: 142.26378pt x 62.85162pt.


Package natbib Warning: Citation `grain' on page 32 undefined on input line 223
.


Overfull \hbox (4.40822pt too wide) in paragraph at lines 223--224
[]\OT1/cmr/m/n/12 In fact, since the CoFeB free layer is com-posed of grains, e
ach with slightly dif-fer-ent anisotropy,
 []

[32 <./fig/CW_sim/uniform_LW.png>]
<fig/CW_sim/LW_summary.png, id=313, 363.759pt x 289.08pt>
File: fig/CW_sim/LW_summary.png Graphic file (type png)

<use fig/CW_sim/LW_summary.png>
Package pdftex.def Info: fig/CW_sim/LW_summary.png used on input line 229.
(pdftex.def)             Requested size: 375.80544pt x 298.65997pt.


LaTeX Warning: `!h' float specifier changed to `!ht'.


LaTeX Warning: Reference `table:summary_LW' on page 33 undefined on input line 
253.

[33 <./fig/CW_sim/random_spectrum.png> <./fig/CW_sim/mode_profile_2.png> <./fig
/CW_sim/Kudist.png>]

Package natbib Warning: Citation `OOMMF' on page 34 undefined on input line 257
.


Package natbib Warning: Citation `Modes' on page 34 undefined on input line 257
.

[34 <./fig/CW_sim/LW_summary.png>]
<fig/MR18.png, id=334, 445.1832pt x 343.5234pt>
File: fig/MR18.png Graphic file (type png)
 <use fig/MR18.png>
Package pdftex.def Info: fig/MR18.png used on input line 265.
(pdftex.def)             Requested size: 213.39566pt x 164.66919pt.

<fig/simulation.png, id=335, 388.3308pt x 292.4526pt>
File: fig/simulation.png Graphic file (type png)
 <use fig/simulation.png>
Package pdftex.def Info: fig/simulation.png used on input line 266.
(pdftex.def)             Requested size: 213.39566pt x 160.70662pt.


LaTeX Warning: Reference `fig:MR18' on page 35 undefined on input line 270.


LaTeX Warning: Reference `fig:Simulation' on page 35 undefined on input line 27
0.

[35 <./fig/MR18.png> <./fig/simulation.png>]

LaTeX Warning: Reference `fig:mode' on page 36 undefined on input line 272.

<fig/Mode_pic.png, id=346, 623.931pt x 396.5214pt>
File: fig/Mode_pic.png Graphic file (type png)
 <use fig/Mode_pic.png>
Package pdftex.def Info: fig/Mode_pic.png used on input line 280.
(pdftex.def)             Requested size: 469.75502pt x 298.54593pt.
Missing character: There is no ‚ in font cmr12!
Missing character: There is no Ä in font cmr12!
Missing character: There is no ô in font cmr12!

[36 <./fig/Mode_pic.png>]

LaTeX Warning: Reference `fig:edge_damage' on page 37 undefined on input line 2
91.


LaTeX Warning: Reference `fig:edge_ani' on page 37 undefined on input line 291.


<fig/edge_damage.png, id=353, 438.9198pt x 338.2236pt>
File: fig/edge_damage.png Graphic file (type png)

<use fig/edge_damage.png>
Package pdftex.def Info: fig/edge_damage.png used on input line 295.
(pdftex.def)             Requested size: 227.62204pt x 175.40248pt.
 <fig/edge_ani.png, id=354, 542.5068pt x 417.7206pt>
File: fig/edge_ani.png Graphic file (type png)

<use fig/edge_ani.png>
Package pdftex.def Info: fig/edge_ani.png used on input line 296.
(pdftex.def)             Requested size: 227.62204pt x 175.26299pt.


LaTeX Warning: Reference `fig:edge_damage' on page 37 undefined on input line 3
00.


LaTeX Warning: Reference `fig:edge_damage' on page 37 undefined on input line 3
00.


LaTeX Warning: Reference `fig:edge_ani' on page 37 undefined on input line 300.


[37]

LaTeX Warning: Reference `fig:circularmode' on page 38 undefined on input line 
318.

[38 <./fig/edge_damage.png> <./fig/edge_ani.png>]
<fig/FieldMod/ap-p.png, id=368, 451.4466pt x 175.857pt>
File: fig/FieldMod/ap-p.png Graphic file (type png)

<use fig/FieldMod/ap-p.png>
Package pdftex.def Info: fig/FieldMod/ap-p.png used on input line 322.
(pdftex.def)             Requested size: 469.75502pt x 182.99161pt.
Missing character: There is no ‚ in font cmr12!
Missing character: There is no Ä in font cmr12!
Missing character: There is no ¶ in font cmr12!


Package natbib Warning: Citation `excitation2' on page 39 undefined on input li
ne 327.


LaTeX Warning: Reference `fig:circularmode' on page 39 undefined on input line 
327.


LaTeX Warning: Reference `fig:circularmode' on page 39 undefined on input line 
327.

[39 <./fig/FieldMod/ap-p.png>]
<fig/FieldMod/mode-profile.png, id=376, 860.9766pt x 285.7074pt>
File: fig/FieldMod/mode-profile.png Graphic file (type png)

<use fig/FieldMod/mode-profile.png>
Package pdftex.def Info: fig/FieldMod/mode-profile.png used on input line 331.
(pdftex.def)             Requested size: 375.80544pt x 124.70457pt.
Missing character: There is no ‚ in font cmr12!
Missing character: There is no Ä in font cmr12!
Missing character: There is no ô in font cmr12!
Missing character: There is no ‚ in font cmr12!
Missing character: There is no Ä in font cmr12!
Missing character: There is no ô in font cmr12!


LaTeX Warning: Reference `fig:stat1' on page 40 undefined on input line 337.


Overfull \hbox (8.33029pt too wide) in paragraph at lines 337--338
[]\OT1/cmr/m/n/12 However, in our ex-per-i-men-tal data, we find the fre-quency
 of the sec-ond higher-order mode(label
 []

[40 <./fig/FieldMod/mode-profile.png>]
<fig/broken/stastic-1.png, id=383, 496.254pt x 382.0674pt>
File: fig/broken/stastic-1.png Graphic file (type png)

<use fig/broken/stastic-1.png>
Package pdftex.def Info: fig/broken/stastic-1.png used on input line 342.
(pdftex.def)             Requested size: 227.62204pt x 175.24593pt.

<fig/broken/stastic-2.png, id=384, 427.8384pt x 330.033pt>
File: fig/broken/stastic-2.png Graphic file (type png)

<use fig/broken/stastic-2.png>
Package pdftex.def Info: fig/broken/stastic-2.png used on input line 343.
(pdftex.def)             Requested size: 227.62204pt x 175.58643pt.

<fig/broken/freq1-0.png, id=385, 460.6008pt x 355.0866pt>
File: fig/broken/freq1-0.png Graphic file (type png)

<use fig/broken/freq1-0.png>
Package pdftex.def Info: fig/broken/freq1-0.png used on input line 351.
(pdftex.def)             Requested size: 227.62204pt x 175.47852pt.

<fig/broken/freq2-0.png, id=386, 461.0826pt x 355.0866pt>
File: fig/broken/freq2-0.png Graphic file (type png)

<use fig/broken/freq2-0.png>
Package pdftex.def Info: fig/broken/freq2-0.png used on input line 352.
(pdftex.def)             Requested size: 227.62204pt x 175.2943pt.


LaTeX Warning: Reference `fig:freq10' on page 41 undefined on input line 358.


LaTeX Warning: Reference `fig:freq20' on page 41 undefined on input line 358.

[41 <./fig/broken/stastic-1.png> <./fig/broken/stastic-2.png> <./fig/broken/fre
q1-0.png> <./fig/broken/freq2-0.png>]

LaTeX Warning: Reference `fig:exp_spectrum' on page 42 undefined on input line 
361.


LaTeX Warning: Reference `fig:spectrum_60' on page 42 undefined on input line 3
61.

<fig/broken/exp_spectrum.png, id=402, 380.622pt x 292.9344pt>
File: fig/broken/exp_spectrum.png Graphic file (type png)

<use fig/broken/exp_spectrum.png>
Package pdftex.def Info: fig/broken/exp_spectrum.png used on input line 366.
(pdftex.def)             Requested size: 227.62204pt x 175.18538pt.

<fig/broken/spec_60nm.png, id=403, 397.0032pt x 297.7524pt>
File: fig/broken/spec_60nm.png Graphic file (type png)

<use fig/broken/spec_60nm.png>
Package pdftex.def Info: fig/broken/spec_60nm.png used on input line 367.
(pdftex.def)             Requested size: 227.62204pt x 170.7156pt.


LaTeX Warning: Reference `fig:spectrum_68_52' on page 42 undefined on input lin
e 372.


LaTeX Warning: Reference `fig:spectrum_64_56' on page 42 undefined on input lin
e 372.

[42 <./fig/broken/exp_spectrum.png> <./fig/broken/spec_60nm.png>]
<fig/broken/spec_64_56nm.png, id=413, 424.9476pt x 318.4698pt>
File: fig/broken/spec_64_56nm.png Graphic file (type png)

<use fig/broken/spec_64_56nm.png>
Package pdftex.def Info: fig/broken/spec_64_56nm.png used on input line 376.
(pdftex.def)             Requested size: 142.26378pt x 106.61636pt.

<fig/broken/spec_68_52nm.png, id=414, 455.301pt x 341.5962pt>
File: fig/broken/spec_68_52nm.png Graphic file (type png)

<use fig/broken/spec_68_52nm.png>
Package pdftex.def Info: fig/broken/spec_68_52nm.png used on input line 377.
(pdftex.def)             Requested size: 142.26378pt x 106.73291pt.

<fig/broken/ecc.png, id=415, 440.3652pt x 339.669pt>
File: fig/broken/ecc.png Graphic file (type png)
 <use fig/broken/ecc.png>
Package pdftex.def Info: fig/broken/ecc.png used on input line 378.
(pdftex.def)             Requested size: 142.26378pt x 109.73288pt.


LaTeX Warning: Reference `fig:spectrum_64_56' on page 43 undefined on input lin
e 383.


LaTeX Warning: Reference `fig:exp_spectrum' on page 43 undefined on input line 
383.


LaTeX Warning: Reference `fig:eccentricity' on page 43 undefined on input line 
383.

[43 <./fig/broken/spec_64_56nm.png> <./fig/broken/spec_68_52nm.png> <./fig/brok
en/ecc.png>] <fig/broken/stastic-mode.png, id=427, 453.8556pt x 92.5056pt>
File: fig/broken/stastic-mode.png Graphic file (type png)

<use fig/broken/stastic-mode.png>
Package pdftex.def Info: fig/broken/stastic-mode.png used on input line 392.
(pdftex.def)             Requested size: 375.80544pt x 76.59894pt.
Missing character: There is no ‚ in font cmr12!
Missing character: There is no Ä in font cmr12!
Missing character: There is no ô in font cmr12!
Missing character: There is no ‚ in font cmr12!
Missing character: There is no Ä in font cmr12!
Missing character: There is no ô in font cmr12!
 [44 <./fig/broken/stastic-mode.png>]

LaTeX Warning: Reference `fig:WERSTFMR' on page 45 undefined on input line 410.


<fig/FieldMod/FMR-WER.png, id=434, 260.172pt x 212.9556pt>
File: fig/FieldMod/FMR-WER.png Graphic file (type png)

<use fig/FieldMod/FMR-WER.png>
Package pdftex.def Info: fig/FieldMod/FMR-WER.png used on input line 414.
(pdftex.def)             Requested size: 281.85587pt x 230.71648pt.
) [45 <./fig/FieldMod/FMR-WER.png>] [46]
\openout2 = `chapter4.aux'.


(./chapter4.tex
Chapter 4.

Package natbib Warning: Citation `Cui' on page 47 undefined on input line 3.


LaTeX Warning: Reference `fig:time_set' on page 47 undefined on input line 6.

<fig/time_set.png, id=446, 470.2368pt x 203.3196pt>
File: fig/time_set.png Graphic file (type png)
 <use fig/time_set.png>
Package pdftex.def Info: fig/time_set.png used on input line 10.
(pdftex.def)             Requested size: 281.85587pt x 121.87169pt.

[47



]

LaTeX Warning: Reference `orgi' on page 48 undefined on input line 22.

[48 <./fig/time_set.png>]

LaTeX Warning: Reference `deltaequ' on page 49 undefined on input line 28.


LaTeX Warning: Reference `fig:time_domain' on page 49 undefined on input line 3
0.

<fig/time_domain.png, id=461, 638.385pt x 338.2236pt>
File: fig/time_domain.png Graphic file (type png)

<use fig/time_domain.png>
Package pdftex.def Info: fig/time_domain.png used on input line 34.
(pdftex.def)             Requested size: 375.80544pt x 199.10635pt.


LaTeX Warning: `h' float specifier changed to `ht'.

[49]

LaTeX Warning: Reference `fig:Total_sig' on page 50 undefined on input line 45.



LaTeX Warning: Reference `fig:Total_sig' on page 50 undefined on input line 45.


<fig/total_sig.png, id=467, 1896.08376pt x 1422.31375pt>
File: fig/total_sig.png Graphic file (type png)

<use fig/total_sig.png>
Package pdftex.def Info: fig/total_sig.png used on input line 49.
(pdftex.def)             Requested size: 375.80544pt x 281.89679pt.
 [50 <./fig/time_domain.png>]

LaTeX Warning: Reference `fig:APtoP' on page 51 undefined on input line 55.


LaTeX Warning: Reference `fig:diff' on page 51 undefined on input line 55.

<fig/APtoP.png, id=476, 1896.08376pt x 1422.31375pt>
File: fig/APtoP.png Graphic file (type png)
 <use fig/APtoP.png>
Package pdftex.def Info: fig/APtoP.png used on input line 59.
(pdftex.def)             Requested size: 227.62204pt x 170.7354pt.

<fig/diff.png, id=477, 1896.08376pt x 1422.31375pt>
File: fig/diff.png Graphic file (type png)
 <use fig/diff.png>
Package pdftex.def Info: fig/diff.png used on input line 60.
(pdftex.def)             Requested size: 227.62204pt x 170.7354pt.


LaTeX Warning: Reference `fig:26' on page 51 undefined on input line 64.


LaTeX Warning: Reference `fig:9' on page 51 undefined on input line 64.


LaTeX Warning: Reference `fig:no' on page 51 undefined on input line 64.

[51 <./fig/total_sig.png

pdfTeX warning: /usr/bin/pdflatex (file ./fig/total_sig.png): large interlaced 
PNG might cause out of memory (use non-interlaced PNG to fix this)
>] <fig/2_6.png, id=484, 1896.08376pt x 1422.31375pt>
File: fig/2_6.png Graphic file (type png)
 <use fig/2_6.png>
Package pdftex.def Info: fig/2_6.png used on input line 71.
(pdftex.def)             Requested size: 227.62204pt x 170.7354pt.

<fig/6_7.png, id=485, 1896.08376pt x 1422.31375pt>
File: fig/6_7.png Graphic file (type png)
 <use fig/6_7.png>
Package pdftex.def Info: fig/6_7.png used on input line 72.
(pdftex.def)             Requested size: 227.62204pt x 170.7354pt.

<fig/9.png, id=486, 1896.08376pt x 1422.31375pt>
File: fig/9.png Graphic file (type png)
 <use fig/9.png>
Package pdftex.def Info: fig/9.png used on input line 73.
(pdftex.def)             Requested size: 227.62204pt x 170.7354pt.

<fig/no.png, id=487, 1896.08376pt x 1422.31375pt>
File: fig/no.png Graphic file (type png)
 <use fig/no.png>
Package pdftex.def Info: fig/no.png used on input line 74.
(pdftex.def)             Requested size: 227.62204pt x 170.7354pt.


LaTeX Warning: Reference `fig:dist' on page 52 undefined on input line 78.


LaTeX Warning: Reference `fig:dist' on page 52 undefined on input line 78.

[52 <./fig/APtoP.png

pdfTeX warning: /usr/bin/pdflatex (file ./fig/APtoP.png): large interlaced PNG 
might cause out of memory (use non-interlaced PNG to fix this)
> <./fig/diff.png

pdfTeX warning: /usr/bin/pdflatex (file ./fig/diff.png): large interlaced PNG m
ight cause out of memory (use non-interlaced PNG to fix this)
>] <fig/dist.png, id=497, 438.9198pt x 336.7782pt>
File: fig/dist.png Graphic file (type png)
 <use fig/dist.png>
Package pdftex.def Info: fig/dist.png used on input line 84.
(pdftex.def)             Requested size: 375.80544pt x 288.35431pt.


LaTeX Warning: `h' float specifier changed to `ht'.


LaTeX Warning: Reference `fig:dist' on page 53 undefined on input line 89.

[53 <./fig/2_6.png

pdfTeX warning: /usr/bin/pdflatex (file ./fig/2_6.png): large interlaced PNG mi
ght cause out of memory (use non-interlaced PNG to fix this)
> <./fig/6_7.png

pdfTeX warning: /usr/bin/pdflatex (file ./fig/6_7.png): large interlaced PNG mi
ght cause out of memory (use non-interlaced PNG to fix this)
> <./fig/9.png

pdfTeX warning: /usr/bin/pdflatex (file ./fig/9.png): large interlaced PNG migh
t cause out of memory (use non-interlaced PNG to fix this)
> <./fig/no.png

pdfTeX warning: /usr/bin/pdflatex (file ./fig/no.png): large interlaced PNG mig
ht cause out of memory (use non-interlaced PNG to fix this)
>]) [54 <./fig/dist.png>]
\openout2 = `chapter5.aux'.

 (./chapter5.tex
Chapter 5.

Package natbib Warning: Citation `MagnoisePRL' on page 55 undefined on input li
ne 13.


Package natbib Warning: Citation `Magnoise' on page 55 undefined on input line 
13.


LaTeX Warning: Reference `fig:magnoise-setup' on page 55 undefined on input lin
e 16.

<fig/magnoise/Picture1.png, id=518, 385.44pt x 244.7544pt>
File: fig/magnoise/Picture1.png Graphic file (type png)

<use fig/magnoise/Picture1.png>
Package pdftex.def Info: fig/magnoise/Picture1.png used on input line 20.
(pdftex.def)             Requested size: 281.85587pt x 178.97545pt.
 [55



]
<fig/magnoise/magnoise-data.png, id=526, 379.6584pt x 463.0098pt>
File: fig/magnoise/magnoise-data.png Graphic file (type png)

<use fig/magnoise/magnoise-data.png>
Package pdftex.def Info: fig/magnoise/magnoise-data.png used on input line 29.
(pdftex.def)             Requested size: 281.85587pt x 343.73106pt.


LaTeX Warning: Reference `fig:magnoisedata' on page 56 undefined on input line 
35.


LaTeX Warning: Reference `fig:magnoisedata' on page 56 undefined on input line 
35.


LaTeX Warning: Reference `fig:magnoisedata' on page 56 undefined on input line 
35.


LaTeX Warning: Reference `fig:magnoisedata' on page 56 undefined on input line 
35.

[56 <./fig/magnoise/Picture1.png>]

LaTeX Warning: Reference `fig:noiseMR' on page 57 undefined on input line 38.


LaTeX Warning: Reference `fig:noiseFMR2D' on page 57 undefined on input line 38
.

[57 <./fig/magnoise/magnoise-data.png>]
<fig/magnoise/noiseMR.png, id=539, 353.1594pt x 264.99pt>
File: fig/magnoise/noiseMR.png Graphic file (type png)

<use fig/magnoise/noiseMR.png>
Package pdftex.def Info: fig/magnoise/noiseMR.png used on input line 42.
(pdftex.def)             Requested size: 213.39566pt x 160.1193pt.

<fig/magnoise/noiseFMR2D.png, id=540, 385.44pt x 290.0436pt>
File: fig/magnoise/noiseFMR2D.png Graphic file (type png)

<use fig/magnoise/noiseFMR2D.png>
Package pdftex.def Info: fig/magnoise/noiseFMR2D.png used on input line 43.
(pdftex.def)             Requested size: 213.39566pt x 160.57777pt.


LaTeX Warning: Reference `fig:magnoise-2D' on page 58 undefined on input line 4
7.


LaTeX Warning: Reference `fig:magnoise-2D' on page 58 undefined on input line 4
7.


LaTeX Warning: Reference `fig:magnoise-2D' on page 58 undefined on input line 4
7.

<fig/magnoise/magnoise2D.png, id=541, 650.43pt x 275.1078pt>
File: fig/magnoise/magnoise2D.png Graphic file (type png)

<use fig/magnoise/magnoise2D.png>
Package pdftex.def Info: fig/magnoise/magnoise2D.png used on input line 51.
(pdftex.def)             Requested size: 469.75502pt x 198.69453pt.


LaTeX Warning: Reference `fig:FMRfreq' on page 58 undefined on input line 56.


LaTeX Warning: Reference `fig:Noisefreq' on page 58 undefined on input line 56.


<fig/magnoise/STFMR-freq.png, id=542, 345.4506pt x 258.7266pt>
File: fig/magnoise/STFMR-freq.png Graphic file (type png)

<use fig/magnoise/STFMR-freq.png>
Package pdftex.def Info: fig/magnoise/STFMR-freq.png used on input line 60.
(pdftex.def)             Requested size: 213.39566pt x 159.82848pt.

<fig/magnoise/noise-freq.png, id=543, 369.0588pt x 277.035pt>
File: fig/magnoise/noise-freq.png Graphic file (type png)

<use fig/magnoise/noise-freq.png>
Package pdftex.def Info: fig/magnoise/noise-freq.png used on input line 61.
(pdftex.def)             Requested size: 213.39566pt x 160.19005pt.
 [58 <./fig/magnoise/noiseMR.png> <./fig/magnoise/noiseFMR2D.png>]
<fig/magnoise/FMR-field.png, id=553, 353.6412pt x 264.99pt>
File: fig/magnoise/FMR-field.png Graphic file (type png)

<use fig/magnoise/FMR-field.png>
Package pdftex.def Info: fig/magnoise/FMR-field.png used on input line 70.
(pdftex.def)             Requested size: 213.39566pt x 159.90498pt.

<fig/magnoise/noise-field.png, id=554, 369.0588pt x 277.035pt>
File: fig/magnoise/noise-field.png Graphic file (type png)

<use fig/magnoise/noise-field.png>
Package pdftex.def Info: fig/magnoise/noise-field.png used on input line 71.
(pdftex.def)             Requested size: 213.39566pt x 160.19005pt.
 [59 <./fig/magnoise/magnoise2D.png> <./fig/magnoise/STFMR-freq.png> <./fig/mag
noise/noise-freq.png>]

LaTeX Warning: Reference `fig:FMRfield' on page 60 undefined on input line 76.


LaTeX Warning: Reference `fig:Noisefield' on page 60 undefined on input line 76
.

[60 <./fig/magnoise/FMR-field.png> <./fig/magnoise/noise-field.png>]
<fig/in-plane/S6-B3-R6-C13-AP-STATE.png, id=576, 1896.08376pt x 1422.31375pt>
File: fig/in-plane/S6-B3-R6-C13-AP-STATE.png Graphic file (type png)

<use fig/in-plane/S6-B3-R6-C13-AP-STATE.png>
Package pdftex.def Info: fig/in-plane/S6-B3-R6-C13-AP-STATE.png used on input l
ine 91.
(pdftex.def)             Requested size: 213.39566pt x 160.05765pt.

<fig/in-plane/S6-B3-R6-C13-P-STATE.png, id=577, 1896.08376pt x 1422.31375pt>
File: fig/in-plane/S6-B3-R6-C13-P-STATE.png Graphic file (type png)

<use fig/in-plane/S6-B3-R6-C13-P-STATE.png>
Package pdftex.def Info: fig/in-plane/S6-B3-R6-C13-P-STATE.png used on input li
ne 92.
(pdftex.def)             Requested size: 213.39566pt x 160.05765pt.


LaTeX Warning: Reference `fig:S6AP' on page 61 undefined on input line 96.


LaTeX Warning: Reference `fig:S6P' on page 61 undefined on input line 96.

[61

 <./fig/in-plane/S6-B3-R6-C13-AP-STATE.png> <./fig/in-plane/S6-B3-R6-C13-P-STAT
E.png>] <fig/in-plane/ap-dc.png, id=588, 1896.08376pt x 1422.31375pt>
File: fig/in-plane/ap-dc.png Graphic file (type png)

<use fig/in-plane/ap-dc.png>
Package pdftex.def Info: fig/in-plane/ap-dc.png used on input line 101.
(pdftex.def)             Requested size: 213.39566pt x 160.05765pt.

<fig/in-plane/p-dc.png, id=589, 1896.08376pt x 1422.31375pt>
File: fig/in-plane/p-dc.png Graphic file (type png)

<use fig/in-plane/p-dc.png>
Package pdftex.def Info: fig/in-plane/p-dc.png used on input line 102.
(pdftex.def)             Requested size: 213.39566pt x 160.05765pt.


LaTeX Warning: Reference `fig:S6APDC' on page 62 undefined on input line 106.


LaTeX Warning: Reference `fig:S6PDC' on page 62 undefined on input line 106.

File: fig/in-plane/S6-B3-R6-C13-AP-STATE.png Graphic file (type png)
<use fig/in-plane/S6-B3-R6-C13-AP-STATE.png>
Package pdftex.def Info: fig/in-plane/S6-B3-R6-C13-AP-STATE.png used on input l
ine 111.
(pdftex.def)             Requested size: 213.39566pt x 160.05765pt.

<fig/in-plane/S6-B3-R6-C13-inplane.png, id=590, 1896.08376pt x 1422.31375pt>
File: fig/in-plane/S6-B3-R6-C13-inplane.png Graphic file (type png)

<use fig/in-plane/S6-B3-R6-C13-inplane.png>
Package pdftex.def Info: fig/in-plane/S6-B3-R6-C13-inplane.png used on input li
ne 112.
(pdftex.def)             Requested size: 213.39566pt x 160.05765pt.
 [62]

LaTeX Warning: Reference `fig:S6APIN' on page 63 undefined on input line 116.


LaTeX Warning: Reference `fig:S6APOUT' on page 63 undefined on input line 116.

[63 <./fig/in-plane/ap-dc.png> <./fig/in-plane/p-dc.png> <./fig/in-plane/S6-B3-
R6-C13-inplane.png>]

LaTeX Warning: Reference `table:APtoP' on page 64 undefined on input line 138.

) [64]
\openout2 = `chapter6.aux'.

 (./chapter6.tex
Chapter 6.
[65



]

LaTeX Warning: Reference `fig:WER' on page 66 undefined on input line 9.

<fig/WER_setup.PNG, id=619, 682.80093pt x 335.75438pt>
File: fig/WER_setup.PNG Graphic file (type png)
 <use fig/WER_setup.PNG>
Package pdftex.def Info: fig/WER_setup.PNG used on input line 13.
(pdftex.def)             Requested size: 469.75502pt x 230.9945pt.


LaTeX Warning: Reference `fig:Pulse' on page 66 undefined on input line 19.

<fig/pulse.PNG, id=620, 449.42906pt x 338.76563pt>
File: fig/pulse.PNG Graphic file (type png)
 <use fig/pulse.PNG>
Package pdftex.def Info: fig/pulse.PNG used on input line 23.
(pdftex.def)             Requested size: 234.8775pt x 177.04305pt.


LaTeX Warning: `!h' float specifier changed to `!ht'.

[66 <./fig/WER_setup.PNG>]
Missing character: There is no ‚ in font cmr12!
Missing character: There is no Ä in font cmr12!
Missing character: There is no ù in font cmr12!
Missing character: There is no ‚ in font cmr12!
Missing character: There is no Ä in font cmr12!
Missing character: There is no ù in font cmr12!
 [67 <./fig/pulse.PNG>] [68]

LaTeX Warning: Reference `eq:2' on page 69 undefined on input line 75.

[69] [70]

Package natbib Warning: Citation `Sub' on page 71 undefined on input line 97.


Package natbib Warning: Citation `Sun1991' on page 71 undefined on input line 9
7.


Package natbib Warning: Citation `Back-hopping' on page 71 undefined on input l
ine 97.


Package natbib Warning: Citation `High_bias' on page 71 undefined on input line
 97.


Package natbib Warning: Citation `BitError' on page 71 undefined on input line 
97.

<fig/mr.png, id=649, 1896.08376pt x 1422.31375pt>
File: fig/mr.png Graphic file (type png)
 <use fig/mr.png>
Package pdftex.def Info: fig/mr.png used on input line 101.
(pdftex.def)             Requested size: 234.8775pt x 176.18279pt.


LaTeX Warning: Reference `fig:mr_wer' on page 71 undefined on input line 106.

[71 <./fig/mr.png

pdfTeX warning: /usr/bin/pdflatex (file ./fig/mr.png): large interlaced PNG mig
ht cause out of memory (use non-interlaced PNG to fix this)
>]

LaTeX Warning: Reference `fig:wer_1' on page 72 undefined on input line 108.

<fig/wer_1.png, id=658, 1896.08376pt x 1422.31375pt>
File: fig/wer_1.png Graphic file (type png)
 <use fig/wer_1.png>
Package pdftex.def Info: fig/wer_1.png used on input line 112.
(pdftex.def)             Requested size: 234.8775pt x 176.18279pt.


Package natbib Warning: Citation `Back-hopping' on page 72 undefined on input l
ine 117.


Package natbib Warning: Citation `Correlation' on page 72 undefined on input li
ne 119.


Package natbib Warning: Citation `Para' on page 72 undefined on input line 119.



Package natbib Warning: Citation `subswitch' on page 72 undefined on input line
 119.


Package natbib Warning: Citation `Sub' on page 72 undefined on input line 119.


Package natbib Warning: Citation `DMI' on page 72 undefined on input line 119.

[72 <./fig/wer_1.png

pdfTeX warning: /usr/bin/pdflatex (file ./fig/wer_1.png): large interlaced PNG 
might cause out of memory (use non-interlaced PNG to fix this)
>]) [73]
\openout2 = `chapter8.aux'.

 (./chapter8.tex
Chapter 7.

Package natbib Warning: Citation `FieldMod' on page 74 undefined on input line 
3.


Package natbib Warning: Citation `thermalEx' on page 74 undefined on input line
 3.


Package natbib Warning: Citation `noiseEx' on page 74 undefined on input line 3
.


Package natbib Warning: Citation `chris' on page 74 undefined on input line 3.


Package natbib Warning: Citation `PMAEX' on page 74 undefined on input line 3.


Package natbib Warning: Citation `excitation2' on page 74 undefined on input li
ne 3.

[74



]

LaTeX Warning: Reference `fig:FMR_set_up' on page 75 undefined on input line 7.


<fig/2018/C07MR.png, id=674, 436.9926pt x 327.624pt>
File: fig/2018/C07MR.png Graphic file (type png)
 <use fig/2018/C07MR.png>
Package pdftex.def Info: fig/2018/C07MR.png used on input line 11.
(pdftex.def)             Requested size: 213.39566pt x 159.98724pt.

<fig/2018/C07FH.png, id=675, 445.665pt x 334.3692pt>
File: fig/2018/C07FH.png Graphic file (type png)
 <use fig/2018/C07FH.png>
Package pdftex.def Info: fig/2018/C07FH.png used on input line 12.
(pdftex.def)             Requested size: 213.39566pt x 160.10252pt.


LaTeX Warning: Reference `fig:C07MR' on page 75 undefined on input line 16.


LaTeX Warning: Reference `fig:C07FH' on page 75 undefined on input line 16.

[75 <./fig/2018/C07MR.png> <./fig/2018/C07FH.png>]
<fig/2018/C07fit.png, id=686, 344.9688pt x 359.4228pt>
File: fig/2018/C07fit.png Graphic file (type png)

<use fig/2018/C07fit.png>
Package pdftex.def Info: fig/2018/C07fit.png used on input line 20.
(pdftex.def)             Requested size: 281.85587pt x 293.68657pt.


LaTeX Warning: Reference `fig:07fit' on page 76 undefined on input line 25.

[76 <./fig/2018/C07fit.png>] [77]

Package natbib Warning: Citation `chris' on page 78 undefined on input line 42.



Package natbib Warning: Citation `Sankey2008' on page 78 undefined on input lin
e 42.


Package natbib Warning: Citation `Kubota2007' on page 78 undefined on input lin
e 42.

<fig/2018/C10MR.png, id=699, 327.624pt x 246.1998pt>
File: fig/2018/C10MR.png Graphic file (type png)
 <use fig/2018/C10MR.png>
Package pdftex.def Info: fig/2018/C10MR.png used on input line 47.
(pdftex.def)             Requested size: 142.26378pt x 106.9082pt.

<fig/2018/C10RDC.png, id=700, 318.4698pt x 238.9728pt>
File: fig/2018/C10RDC.png Graphic file (type png)

<use fig/2018/C10RDC.png>
Package pdftex.def Info: fig/2018/C10RDC.png used on input line 48.
(pdftex.def)             Requested size: 142.26378pt x 106.74913pt.
 <fig/2018/C102D.png, id=701, 330.5148pt x 248.127pt>
File: fig/2018/C102D.png Graphic file (type png)

<use fig/2018/C102D.png>
Package pdftex.def Info: fig/2018/C102D.png used on input line 49.
(pdftex.def)             Requested size: 142.26378pt x 106.8023pt.


LaTeX Warning: Reference `fig:C10MR' on page 78 undefined on input line 53.


LaTeX Warning: Reference `fig:C10DC' on page 78 undefined on input line 53.


LaTeX Warning: Reference `fig:C102D' on page 78 undefined on input line 53.

[78

 <./fig/2018/C10MR.png> <./fig/2018/C10RDC.png> <./fig/2018/C102D.png>]
<fig/2018/C10fit.png, id=714, 297.7524pt x 241.8636pt>
File: fig/2018/C10fit.png Graphic file (type png)

<use fig/2018/C10fit.png>
Package pdftex.def Info: fig/2018/C10fit.png used on input line 57.
(pdftex.def)             Requested size: 142.26378pt x 115.55807pt.

<fig/2018/C10signal.png, id=715, 327.624pt x 245.718pt>
File: fig/2018/C10signal.png Graphic file (type png)

<use fig/2018/C10signal.png>
Package pdftex.def Info: fig/2018/C10signal.png used on input line 58.
(pdftex.def)             Requested size: 142.26378pt x 106.69899pt.

<fig/2018/C10ratio.png, id=716, 330.033pt x 247.6452pt>
File: fig/2018/C10ratio.png Graphic file (type png)

<use fig/2018/C10ratio.png>
Package pdftex.def Info: fig/2018/C10ratio.png used on input line 59.
(pdftex.def)             Requested size: 142.26378pt x 106.74986pt.


LaTeX Warning: Reference `fig:C10FH' on page 79 undefined on input line 63.


LaTeX Warning: Reference `fig:C10signal' on page 79 undefined on input line 63.



LaTeX Warning: Reference `fig:C10MR' on page 79 undefined on input line 63.


LaTeX Warning: Reference `fig:C10ratio' on page 79 undefined on input line 63.

<fig/2018/C10power.png, id=717, 461.5644pt x 345.9324pt>
File: fig/2018/C10power.png Graphic file (type png)

<use fig/2018/C10power.png>
Package pdftex.def Info: fig/2018/C10power.png used on input line 67.
(pdftex.def)             Requested size: 213.39566pt x 159.93317pt.

<fig/2018/C10powersignal.png, id=718, 424.4658pt x 332.9238pt>
File: fig/2018/C10powersignal.png Graphic file (type png)

<use fig/2018/C10powersignal.png>
Package pdftex.def Info: fig/2018/C10powersignal.png used on input line 68.
(pdftex.def)             Requested size: 213.39566pt x 167.37589pt.


LaTeX Warning: Reference `fig:C10power' on page 79 undefined on input line 72.


LaTeX Warning: Reference `fig:C10poweramp' on page 79 undefined on input line 7
2.


Package natbib Warning: Citation `photovoltage1' on page 79 undefined on input 
line 72.


Package natbib Warning: Citation `photovoltage2' on page 79 undefined on input 
line 72.

[79 <./fig/2018/C10fit.png> <./fig/2018/C10signal.png> <./fig/2018/C10ratio.png
>] <fig/2018/C10powerFH.png, id=730, 452.4102pt x 339.1872pt>
File: fig/2018/C10powerFH.png Graphic file (type png)

<use fig/2018/C10powerFH.png>
Package pdftex.def Info: fig/2018/C10powerFH.png used on input line 77.
(pdftex.def)             Requested size: 213.39566pt x 159.98732pt.

<fig/2018/C10powerLW.png, id=731, 423.984pt x 317.988pt>
File: fig/2018/C10powerLW.png Graphic file (type png)

<use fig/2018/C10powerLW.png>
Package pdftex.def Info: fig/2018/C10powerLW.png used on input line 78.
(pdftex.def)             Requested size: 213.39566pt x 160.05136pt.


LaTeX Warning: Reference `fig:C10powerfit' on page 80 undefined on input line 8
2.


LaTeX Warning: Reference `fig:C10powerLW' on page 80 undefined on input line 82
.

[80 <./fig/2018/C10power.png> <./fig/2018/C10powersignal.png> <./fig/2018/C10po
werFH.png> <./fig/2018/C10powerLW.png>]
<fig/2018/C10DC.png, id=746, 423.984pt x 317.988pt>
File: fig/2018/C10DC.png Graphic file (type png)
 <use fig/2018/C10DC.png>
Package pdftex.def Info: fig/2018/C10DC.png used on input line 86.
(pdftex.def)             Requested size: 213.39566pt x 160.05136pt.

<fig/2018/C10DCsignal.png, id=747, 388.8126pt x 291.489pt>
File: fig/2018/C10DCsignal.png Graphic file (type png)

<use fig/2018/C10DCsignal.png>
Package pdftex.def Info: fig/2018/C10DCsignal.png used on input line 87.
(pdftex.def)             Requested size: 213.39566pt x 159.98586pt.


LaTeX Warning: Reference `fig:C10DC' on page 81 undefined on input line 91.


LaTeX Warning: Reference `fig:C10DCamp' on page 81 undefined on input line 91.

<fig/2018/C10DCFIT.png, id=748, 493.3632pt x 370.5042pt>
File: fig/2018/C10DCFIT.png Graphic file (type png)

<use fig/2018/C10DCFIT.png>
Package pdftex.def Info: fig/2018/C10DCFIT.png used on input line 95.
(pdftex.def)             Requested size: 281.85587pt x 211.67012pt.


LaTeX Warning: Reference `fig:C10DCfit' on page 81 undefined on input line 100.


<fig/2018/demo.png, id=749, 172.0026pt x 150.8034pt>
File: fig/2018/demo.png Graphic file (type png)
 <use fig/2018/demo.png>
Package pdftex.def Info: fig/2018/demo.png used on input line 104.
(pdftex.def)             Requested size: 187.89914pt x 164.7406pt.


LaTeX Warning: Reference `fig:demo' on page 81 undefined on input line 109.

[81 <./fig/2018/C10DC.png> <./fig/2018/C10DCsignal.png>] [82 <./fig/2018/C10DCF
IT.png> <./fig/2018/demo.png>]
<fig/2018/C10DC-FH.png, id=768, 370.0224pt x 277.5168pt>
File: fig/2018/C10DC-FH.png Graphic file (type png)

<use fig/2018/C10DC-FH.png>
Package pdftex.def Info: fig/2018/C10DC-FH.png used on input line 124.
(pdftex.def)             Requested size: 213.39566pt x 160.04518pt.

<fig/2018/C10DC-LW.png, id=769, 393.1488pt x 294.8616pt>
File: fig/2018/C10DC-LW.png Graphic file (type png)

<use fig/2018/C10DC-LW.png>
Package pdftex.def Info: fig/2018/C10DC-LW.png used on input line 125.
(pdftex.def)             Requested size: 213.39566pt x 160.04623pt.


LaTeX Warning: Reference `fig:C10DCFH' on page 83 undefined on input line 129.


LaTeX Warning: Reference `fig:C10DCLW' on page 83 undefined on input line 129.

[83 <./fig/2018/C10DC-FH.png> <./fig/2018/C10DC-LW.png>] [84]

LaTeX Warning: Reference `fig:C07FH' on page 85 undefined on input line 144.

<fig/2018/ModevsSize.png, id=785, 459.1554pt x 344.487pt>
File: fig/2018/ModevsSize.png Graphic file (type png)

<use fig/2018/ModevsSize.png>
Package pdftex.def Info: fig/2018/ModevsSize.png used on input line 148.
(pdftex.def)             Requested size: 281.85587pt x 211.47714pt.


LaTeX Warning: Reference `fig:ModeVsSize' on page 85 undefined on input line 15
3.


LaTeX Warning: Reference `fig:GapvsSize' on page 85 undefined on input line 155
.


Package natbib Warning: Citation `demagfactor' on page 85 undefined on input li
ne 155.

[85

 <./fig/2018/ModevsSize.png>]

LaTeX Warning: Reference `eq:Nz' on page 86 undefined on input line 162.


Package natbib Warning: Citation `Kittel' on page 86 undefined on input line 16
2.

<fig/2018/GapvsSize.png, id=793, 476.5002pt x 357.9774pt>
File: fig/2018/GapvsSize.png Graphic file (type png)

<use fig/2018/GapvsSize.png>
Package pdftex.def Info: fig/2018/GapvsSize.png used on input line 173.
(pdftex.def)             Requested size: 213.39566pt x 160.31815pt.

<fig/2018/LinearFit.png, id=794, 506.8536pt x 380.1402pt>
File: fig/2018/LinearFit.png Graphic file (type png)

<use fig/2018/LinearFit.png>
Package pdftex.def Info: fig/2018/LinearFit.png used on input line 174.
(pdftex.def)             Requested size: 213.39566pt x 160.04642pt.


LaTeX Warning: Reference `fig:LinearFit' on page 86 undefined on input line 181
.

[86 <./fig/2018/GapvsSize.png> <./fig/2018/LinearFit.png>]

LaTeX Warning: Reference `fig:LinearFit' on page 87 undefined on input line 186
.

[87] <fig/2018/simulated.png, id=811, 502.9992pt x 317.0244pt>
File: fig/2018/simulated.png Graphic file (type png)

<use fig/2018/simulated.png>
Package pdftex.def Info: fig/2018/simulated.png used on input line 196.
(pdftex.def)             Requested size: 375.80544pt x 236.86795pt.

<fig/2018/sim/70_70.png, id=812, 419.166pt x 314.6154pt>
File: fig/2018/sim/70_70.png Graphic file (type png)

<use fig/2018/sim/70_70.png>
Package pdftex.def Info: fig/2018/sim/70_70.png used on input line 209.
(pdftex.def)             Requested size: 142.26378pt x 106.7806pt.

<fig/2018/sim/ellipse.png, id=813, 370.0224pt x 277.9986pt>
File: fig/2018/sim/ellipse.png Graphic file (type png)

<use fig/2018/sim/ellipse.png>
Package pdftex.def Info: fig/2018/sim/ellipse.png used on input line 210.
(pdftex.def)             Requested size: 142.26378pt x 106.88344pt.

<fig/2018/sim/split.png, id=814, 384.4764pt x 151.767pt>
File: fig/2018/sim/split.png Graphic file (type png)

<use fig/2018/sim/split.png>
Package pdftex.def Info: fig/2018/sim/split.png used on input line 211.
(pdftex.def)             Requested size: 142.26378pt x 56.15753pt.

<fig/2018/sim/55sim.png, id=815, 509.7444pt x 382.5492pt>
File: fig/2018/sim/55sim.png Graphic file (type png)

<use fig/2018/sim/55sim.png>
Package pdftex.def Info: fig/2018/sim/55sim.png used on input line 236.
(pdftex.def)             Requested size: 375.80544pt x 282.04294pt.

<fig/2018/sim/65sim.png, id=816, 309.3156pt x 232.2276pt>
File: fig/2018/sim/65sim.png Graphic file (type png)

<use fig/2018/sim/65sim.png>
Package pdftex.def Info: fig/2018/sim/65sim.png used on input line 246.
(pdftex.def)             Requested size: 170.71652pt x 128.1685pt.

<fig/2018/sim/75sim.png, id=817, 326.1786pt x 244.2726pt>
File: fig/2018/sim/75sim.png Graphic file (type png)

<use fig/2018/sim/75sim.png>
Package pdftex.def Info: fig/2018/sim/75sim.png used on input line 247.
(pdftex.def)             Requested size: 170.71652pt x 127.84993pt.

<fig/2018/sim/105sim.png, id=818, 331.9602pt x 248.6088pt>
File: fig/2018/sim/105sim.png Graphic file (type png)

<use fig/2018/sim/105sim.png>
Package pdftex.def Info: fig/2018/sim/105sim.png used on input line 248.
(pdftex.def)             Requested size: 170.71652pt x 127.85097pt.

<fig/2018/sim/135sim.png, id=819, 323.2878pt x 242.8272pt>
File: fig/2018/sim/135sim.png Graphic file (type png)

<use fig/2018/sim/135sim.png>
Package pdftex.def Info: fig/2018/sim/135sim.png used on input line 249.
(pdftex.def)             Requested size: 170.71652pt x 128.22723pt.

<fig/2018/sim/circular_summary.png, id=820, 495.2904pt x 371.4678pt>
File: fig/2018/sim/circular_summary.png Graphic file (type png)

<use fig/2018/sim/circular_summary.png>
Package pdftex.def Info: fig/2018/sim/circular_summary.png used on input line 2
59.
(pdftex.def)             Requested size: 281.85587pt x 211.39308pt.


LaTeX Warning: No positions in optional float specifier.
               Default added (so using `tbp') on input line 265.


Overfull \hbox (25.95337pt too wide) in paragraph at lines 267--276
 [][] 
 []

<fig/2018/sim/free_only_circular.png, id=821, 544.9158pt x 409.0482pt>
File: fig/2018/sim/free_only_circular.png Graphic file (type png)

<use fig/2018/sim/free_only_circular.png>
Package pdftex.def Info: fig/2018/sim/free_only_circular.png used on input line
 283.
(pdftex.def)             Requested size: 281.85587pt x 211.57655pt.
) [88

 <./fig/2018/simulated.png> <./fig/2018/sim/70_70.png> <./fig/2018/sim/ellipse.
png> <./fig/2018/sim/split.png>]
[89 <./fig/2018/sim/55sim.png>] [90 <./fig/2018/sim/65sim.png> <./fig/2018/sim/
75sim.png> <./fig/2018/sim/105sim.png> <./fig/2018/sim/135sim.png> <./fig/2018/
sim/circular_summary.png>] [91 <./fig/2018/sim/free_only_circular.png>]
No file main.bbl.
\openout2 = `appendix.aux'.

(./appendix.tex
Appendix A.

LaTeX Warning: No positions in optional float specifier.
               Default added (so using `tbp') on input line 39.


Overfull \hbox (58.7856pt too wide) in paragraph at lines 41--50
 [][] 
 []

[92




]

LaTeX Warning: No positions in optional float specifier.
               Default added (so using `tbp') on input line 56.


Overfull \hbox (58.7856pt too wide) in paragraph at lines 58--67
 [][] 
 []


LaTeX Warning: No positions in optional float specifier.
               Default added (so using `tbp') on input line 75.


LaTeX Warning: No positions in optional float specifier.
               Default added (so using `tbp') on input line 92.


Overfull \hbox (27.45259pt too wide) in paragraph at lines 94--103
 [][] 
 []


LaTeX Warning: No positions in optional float specifier.
               Default added (so using `tbp') on input line 109.


Overfull \hbox (70.5302pt too wide) in paragraph at lines 111--120
 [][] 
 []

) [93] [94]

Package natbib Warning: There were undefined citations.


Package caption Warning: Unused \captionsetup[figure] on input line 126.
See the caption package documentation for explanation.

Package atveryend Info: Empty hook `BeforeClearDocument' on input line 132.
Package atveryend Info: Empty hook `AfterLastShipout' on input line 132.
(./main.aux (./chapter1.aux) (./chapter2.aux) (./chapter3.aux) (./chapter4.aux)
(./chapter5.aux) (./chapter6.aux) (./chapter8.aux) (./appendix.aux))
Package atveryend Info: Executing hook `AtVeryEndDocument' on input line 132.
Package atveryend Info: Executing hook `AtEndAfterFileList' on input line 132.


Package rerunfilecheck Warning: File `main.out' has changed.
(rerunfilecheck)                Rerun to get outlines right
(rerunfilecheck)                or use package `bookmark'.

Package rerunfilecheck Info: Checksums for `main.out':
(rerunfilecheck)             Before: <no file>
(rerunfilecheck)             After:  ACED705270AE190F2D154A63CEB1FEB7;3105.

LaTeX Warning: There were undefined references.


LaTeX Warning: Label(s) may have changed. Rerun to get cross-references right.

Package atveryend Info: Empty hook `AtVeryVeryEnd' on input line 132.
 ) 
Here is how much of TeX's memory you used:
 9067 strings out of 495028
 136974 string characters out of 6181497
 231611 words of memory out of 5000000
 11691 multiletter control sequences out of 15000+600000
 11636 words of font info for 41 fonts, out of 8000000 for 9000
 14 hyphenation exceptions out of 8191
 36i,13n,39p,1902b,429s stack positions out of 5000i,500n,10000p,200000b,80000s
</usr/share/texlive/texmf-dist/fonts/type1/public/amsfonts/cm/cmbx12.pfb></us
r/share/texlive/texmf-dist/fonts/type1/public/amsfonts/cm/cmex10.pfb></usr/shar
e/texlive/texmf-dist/fonts/type1/public/amsfonts/cm/cmmi12.pfb></usr/share/texl
ive/texmf-dist/fonts/type1/public/amsfonts/cm/cmmi6.pfb></usr/share/texlive/tex
mf-dist/fonts/type1/public/amsfonts/cm/cmmi8.pfb></usr/share/texlive/texmf-dist
/fonts/type1/public/amsfonts/cm/cmmib10.pfb></usr/share/texlive/texmf-dist/font
s/type1/public/amsfonts/cm/cmr12.pfb></usr/share/texlive/texmf-dist/fonts/type1
/public/amsfonts/cm/cmr6.pfb></usr/share/texlive/texmf-dist/fonts/type1/public/
amsfonts/cm/cmr8.pfb></usr/share/texlive/texmf-dist/fonts/type1/public/amsfonts
/cm/cmsy10.pfb></usr/share/texlive/texmf-dist/fonts/type1/public/amsfonts/cm/cm
sy6.pfb></usr/share/texlive/texmf-dist/fonts/type1/public/amsfonts/cm/cmsy8.pfb
>
Output written on main.pdf (102 pages, 13098398 bytes).
PDF statistics:
 997 PDF objects out of 1000 (max. 8388607)
 668 compressed objects within 7 object streams
 334 named destinations out of 1000 (max. 500000)
 521 words of extra memory for PDF output out of 10000 (max. 10000000)

