\BOOKMARK [0][-]{section*.2}{LIST OF FIGURES}{}% 1
\BOOKMARK [0][-]{section*.4}{LIST OF TABLES}{}% 2
\BOOKMARK [0][-]{section*.6}{ACKNOWLEDGMENTS}{}% 3
\BOOKMARK [0][-]{section*.7}{ABSTRACT OF THE Dissertation}{}% 4
\BOOKMARK [0][-]{chapter.8}{Introduction}{}% 5
\BOOKMARK [0][-]{chapter.9}{Background}{}% 6
\BOOKMARK [1][-]{section.10}{Spintronics}{chapter.9}% 7
\BOOKMARK [1][-]{section.12}{Tunnel Magnetoresistance}{chapter.9}% 8
\BOOKMARK [1][-]{section.18}{Spin transfer torque}{chapter.9}% 9
\BOOKMARK [1][-]{section.22}{Magnetic Switching}{chapter.9}% 10
\BOOKMARK [1][-]{section.29}{Magnetic Tunnel Junctions}{chapter.9}% 11
\BOOKMARK [2][-]{subsection.33}{Critical Switching Voltage}{section.29}% 12
\BOOKMARK [1][-]{section.41}{Ferromagnetic Resonance}{chapter.9}% 13
\BOOKMARK [1][-]{section.58}{Spin-torque Ferromagnetic Resonance}{chapter.9}% 14
\BOOKMARK [0][-]{chapter.59}{Field-Modulated Spin-torque Ferromagnetic Resonance}{}% 15
\BOOKMARK [1][-]{section.60}{Spin-torque Ferromagnetic Resonance}{chapter.59}% 16
\BOOKMARK [1][-]{section.65}{Experimental Technique}{chapter.59}% 17
\BOOKMARK [1][-]{section.73}{Gilbert Damping Evaluation}{chapter.59}% 18
\BOOKMARK [1][-]{section.82}{Continous wave Micromagnetic Simulations}{chapter.59}% 19
\BOOKMARK [1][-]{section.95}{Micromagnetic Simulations}{chapter.59}% 20
\BOOKMARK [1][-]{section.103}{Circular STT-MRAM Devices with Broken Symmetry}{chapter.59}% 21
\BOOKMARK [1][-]{section.120}{Possible Origin of WER Correlation with ST-FMR}{chapter.59}% 22
\BOOKMARK [1][-]{section.122}{Field Modulated Mag-noise Measurement}{chapter.59}% 23
\BOOKMARK [1][-]{section.135}{In-plane ST-FMR measurement and Mode identification}{chapter.59}% 24
\BOOKMARK [0][-]{chapter.146}{Time-domain measurement of spin-torque switching in MTJs}{}% 25
\BOOKMARK [1][-]{section.147}{Experimental Setup}{chapter.146}% 26
\BOOKMARK [1][-]{section.152}{Results and Discussion}{chapter.146}% 27
\BOOKMARK [0][-]{chapter.163}{Write Error Rate measurement}{}% 28
\BOOKMARK [1][-]{section.164}{Experimental Setup}{chapter.163}% 29
\BOOKMARK [1][-]{section.169}{Results and Discussion}{chapter.163}% 30
\BOOKMARK [0][-]{chapter.172}{Determination of Exchange Stiffness of STT-MRAM devices with broken symmetry}{}% 31
\BOOKMARK [1][-]{section.173}{Measurement of ST-FMR on nominal circular devices}{chapter.172}% 32
\BOOKMARK [1][-]{section.179}{Summary of Circular Devices: Experimental Data}{chapter.172}% 33
\BOOKMARK [1][-]{section.187}{Micromagnetic Simulations of the Mode Spacing}{chapter.172}% 34
\BOOKMARK [1][-]{section.199}{Study of signal amplitude of ST-FMR signal}{chapter.172}% 35
\BOOKMARK [1][-]{section.224}{Summary of Stadium shapes MTJs devices with 60 nm width}{chapter.172}% 36
\BOOKMARK [2][-]{subsection.228}{Micromagnetic simulations of stadium devices}{section.224}% 37
\BOOKMARK [1][-]{section.235}{Summary of stadium shapes MTJs devices with 45 nm width}{chapter.172}% 38
\BOOKMARK [0][-]{section*.247}{Bibliography}{}% 39
\BOOKMARK [0][-]{appendix.249}{Appendix Title}{}% 40
\BOOKMARK [1][-]{section.250}{Detailed System Design of Perpendicular station}{appendix.249}% 41
\BOOKMARK [1][-]{section.251}{Statitscs of mode position of circular devices}{appendix.249}% 42
